2023/08/19 20:21:44 [notice] 1#1: using the "epoll" event method
2023/08/19 20:21:44 [notice] 1#1: nginx/1.25.2
2023/08/19 20:21:44 [notice] 1#1: built by gcc 12.2.0 (Debian 12.2.0-14) 
2023/08/19 20:21:44 [notice] 1#1: OS: Linux 5.15.90.1-microsoft-standard-WSL2
2023/08/19 20:21:44 [notice] 1#1: getrlimit(RLIMIT_NOFILE): 1048576:1048576
2023/08/19 20:21:44 [notice] 1#1: start worker processes
2023/08/19 20:21:44 [notice] 1#1: start worker process 22
2023/08/19 20:21:44 [notice] 1#1: start worker process 23
2023/08/19 20:21:44 [notice] 1#1: start worker process 24
2023/08/19 20:21:44 [notice] 1#1: start worker process 25
2023/08/19 20:21:44 [notice] 1#1: start worker process 26
2023/08/19 20:21:44 [notice] 1#1: start worker process 27
2023/08/19 20:21:44 [notice] 1#1: start worker process 28
2023/08/19 20:21:44 [notice] 1#1: start worker process 29
2023/08/19 20:21:44 [notice] 1#1: start worker process 30
2023/08/19 20:21:44 [notice] 1#1: start worker process 31
2023/08/19 20:21:44 [notice] 1#1: start worker process 32
2023/08/19 20:21:44 [notice] 1#1: start worker process 33
2023/08/19 20:23:11 [error] 23#23: *2 open() "/usr/share/nginx/html/favicon.ico" failed (2: No such file or directory), client: 172.17.0.1, server: localhost, request: "GET /favicon.ico HTTP/1.1", host: "127.0.0.1:9002", referrer: "http://127.0.0.1:9002/"
2023/08/19 20:26:54 [error] 26#26: *4 open() "/usr/share/nginx/html/favicon.ico" failed (2: No such file or directory), client: 172.17.0.1, server: localhost, request: "GET /favicon.ico HTTP/1.1", host: "localhost:9002", referrer: "http://localhost:9002/"
2023/08/19 21:07:04 [notice] 1#1: signal 3 (SIGQUIT) received, shutting down
2023/08/19 21:07:04 [notice] 28#28: gracefully shutting down
2023/08/19 21:07:04 [notice] 27#27: gracefully shutting down
2023/08/19 21:07:04 [notice] 25#25: gracefully shutting down
2023/08/19 21:07:04 [notice] 26#26: gracefully shutting down
2023/08/19 21:07:04 [notice] 22#22: gracefully shutting down
2023/08/19 21:07:04 [notice] 23#23: gracefully shutting down
2023/08/19 21:07:04 [notice] 24#24: gracefully shutting down
2023/08/19 21:07:04 [notice] 29#29: gracefully shutting down
2023/08/19 21:07:04 [notice] 31#31: gracefully shutting down
2023/08/19 21:07:04 [notice] 32#32: gracefully shutting down
2023/08/19 21:07:04 [notice] 28#28: exiting
2023/08/19 21:07:04 [notice] 27#27: exiting
2023/08/19 21:07:04 [notice] 25#25: exiting
2023/08/19 21:07:04 [notice] 26#26: exiting
2023/08/19 21:07:04 [notice] 32#32: exiting
2023/08/19 21:07:04 [notice] 23#23: exiting
2023/08/19 21:07:04 [notice] 22#22: exiting
2023/08/19 21:07:04 [notice] 28#28: exit
2023/08/19 21:07:04 [notice] 24#24: exiting
2023/08/19 21:07:04 [notice] 31#31: exiting
2023/08/19 21:07:04 [notice] 27#27: exit
2023/08/19 21:07:04 [notice] 26#26: exit
2023/08/19 21:07:04 [notice] 25#25: exit
2023/08/19 21:07:04 [notice] 29#29: exiting
2023/08/19 21:07:04 [notice] 32#32: exit
2023/08/19 21:07:04 [notice] 23#23: exit
2023/08/19 21:07:04 [notice] 22#22: exit
2023/08/19 21:07:04 [notice] 24#24: exit
2023/08/19 21:07:04 [notice] 29#29: exit
2023/08/19 21:07:04 [notice] 31#31: exit
2023/08/19 21:07:04 [notice] 30#30: gracefully shutting down
2023/08/19 21:07:04 [notice] 33#33: gracefully shutting down
2023/08/19 21:07:04 [notice] 30#30: exiting
2023/08/19 21:07:04 [notice] 30#30: exit
2023/08/19 21:07:04 [notice] 33#33: exiting
2023/08/19 21:07:04 [notice] 33#33: exit
2023/08/19 21:07:04 [notice] 1#1: signal 17 (SIGCHLD) received from 32
2023/08/19 21:07:04 [notice] 1#1: worker process 32 exited with code 0
2023/08/19 21:07:04 [notice] 1#1: signal 29 (SIGIO) received
2023/08/19 21:07:04 [notice] 1#1: signal 17 (SIGCHLD) received from 31
2023/08/19 21:07:04 [notice] 1#1: worker process 27 exited with code 0
2023/08/19 21:07:04 [notice] 1#1: worker process 23 exited with code 0
2023/08/19 21:07:04 [notice] 1#1: worker process 31 exited with code 0
2023/08/19 21:07:04 [notice] 1#1: signal 29 (SIGIO) received
2023/08/19 21:07:04 [notice] 1#1: signal 17 (SIGCHLD) received from 27
2023/08/19 21:07:04 [notice] 1#1: signal 17 (SIGCHLD) received from 30
2023/08/19 21:07:04 [notice] 1#1: worker process 22 exited with code 0
2023/08/19 21:07:04 [notice] 1#1: worker process 24 exited with code 0
2023/08/19 21:07:04 [notice] 1#1: worker process 25 exited with code 0
2023/08/19 21:07:04 [notice] 1#1: worker process 26 exited with code 0
2023/08/19 21:07:04 [notice] 1#1: worker process 29 exited with code 0
2023/08/19 21:07:04 [notice] 1#1: worker process 30 exited with code 0
2023/08/19 21:07:04 [notice] 1#1: signal 29 (SIGIO) received
2023/08/19 21:07:04 [notice] 1#1: signal 17 (SIGCHLD) received from 28
2023/08/19 21:07:04 [notice] 1#1: worker process 28 exited with code 0
2023/08/19 21:07:04 [notice] 1#1: signal 29 (SIGIO) received
2023/08/19 21:07:04 [notice] 1#1: signal 17 (SIGCHLD) received from 33
2023/08/19 21:07:04 [notice] 1#1: worker process 33 exited with code 0
2023/08/19 21:07:04 [notice] 1#1: exit
2023/08/19 21:08:30 [emerg] 1#1: "worker_processes" directive invalid value in /etc/nginx/nginx.conf:3
2023/08/19 21:09:10 [notice] 1#1: using the "epoll" event method
2023/08/19 21:09:10 [notice] 1#1: nginx/1.25.2
2023/08/19 21:09:10 [notice] 1#1: built by gcc 12.2.0 (Debian 12.2.0-14) 
2023/08/19 21:09:10 [notice] 1#1: OS: Linux 5.15.90.1-microsoft-standard-WSL2
2023/08/19 21:09:10 [notice] 1#1: getrlimit(RLIMIT_NOFILE): 1048576:1048576
2023/08/19 21:09:10 [notice] 1#1: start worker processes
2023/08/19 21:09:10 [notice] 1#1: start worker process 22
2023/08/19 21:09:10 [notice] 1#1: start worker process 23
2023/08/19 21:09:10 [notice] 1#1: start worker process 24
2023/08/19 21:09:10 [notice] 1#1: start worker process 25
2023/08/19 21:09:10 [notice] 1#1: start worker process 26
2023/08/19 21:09:10 [notice] 1#1: start worker process 27
2023/08/19 21:09:10 [notice] 1#1: start worker process 28
2023/08/19 21:09:10 [notice] 1#1: start worker process 29
2023/08/19 21:09:10 [notice] 1#1: start worker process 30
2023/08/19 21:09:10 [notice] 1#1: start worker process 31
2023/08/19 21:09:49 [emerg] 45#45: "worker_processes" directive invalid value in /etc/nginx/nginx.conf:3
2023/08/19 21:44:34 [notice] 1#1: signal 3 (SIGQUIT) received, shutting down
2023/08/19 21:44:34 [notice] 24#24: gracefully shutting down
2023/08/19 21:44:34 [notice] 22#22: gracefully shutting down
2023/08/19 21:44:34 [notice] 26#26: gracefully shutting down
2023/08/19 21:44:34 [notice] 23#23: gracefully shutting down
2023/08/19 21:44:34 [notice] 25#25: gracefully shutting down
2023/08/19 21:44:34 [notice] 28#28: gracefully shutting down
2023/08/19 21:44:34 [notice] 31#31: gracefully shutting down
2023/08/19 21:44:34 [notice] 29#29: gracefully shutting down
2023/08/19 21:44:34 [notice] 30#30: gracefully shutting down
2023/08/19 21:44:34 [notice] 27#27: gracefully shutting down
2023/08/19 21:44:34 [notice] 31#31: exiting
2023/08/19 21:44:34 [notice] 23#23: exiting
2023/08/19 21:44:34 [notice] 29#29: exiting
2023/08/19 21:44:34 [notice] 26#26: exiting
2023/08/19 21:44:34 [notice] 22#22: exiting
2023/08/19 21:44:34 [notice] 25#25: exiting
2023/08/19 21:44:34 [notice] 24#24: exiting
2023/08/19 21:44:34 [notice] 25#25: exit
2023/08/19 21:44:34 [notice] 22#22: exit
2023/08/19 21:44:34 [notice] 31#31: exit
2023/08/19 21:44:34 [notice] 28#28: exiting
2023/08/19 21:44:34 [notice] 23#23: exit
2023/08/19 21:44:34 [notice] 26#26: exit
2023/08/19 21:44:34 [notice] 24#24: exit
2023/08/19 21:44:34 [notice] 27#27: exiting
2023/08/19 21:44:34 [notice] 27#27: exit
2023/08/19 21:44:34 [notice] 28#28: exit
2023/08/19 21:44:34 [notice] 29#29: exit
2023/08/19 21:44:34 [notice] 30#30: exiting
2023/08/19 21:44:34 [notice] 30#30: exit
2023/08/19 21:44:34 [notice] 1#1: signal 17 (SIGCHLD) received from 22
2023/08/19 21:44:34 [notice] 1#1: worker process 22 exited with code 0
2023/08/19 21:44:34 [notice] 1#1: worker process 23 exited with code 0
2023/08/19 21:44:34 [notice] 1#1: worker process 27 exited with code 0
2023/08/19 21:44:34 [notice] 1#1: worker process 30 exited with code 0
2023/08/19 21:44:34 [notice] 1#1: signal 29 (SIGIO) received
2023/08/19 21:44:34 [notice] 1#1: signal 17 (SIGCHLD) received from 25
2023/08/19 21:44:34 [notice] 1#1: worker process 24 exited with code 0
2023/08/19 21:44:34 [notice] 1#1: worker process 25 exited with code 0
2023/08/19 21:44:34 [notice] 1#1: signal 29 (SIGIO) received
2023/08/19 21:44:34 [notice] 1#1: signal 17 (SIGCHLD) received from 24
2023/08/19 21:44:34 [notice] 1#1: signal 17 (SIGCHLD) received from 26
2023/08/19 21:44:34 [notice] 1#1: worker process 26 exited with code 0
2023/08/19 21:44:34 [notice] 1#1: signal 29 (SIGIO) received
2023/08/19 21:44:34 [notice] 1#1: signal 17 (SIGCHLD) received from 31
2023/08/19 21:44:34 [notice] 1#1: worker process 28 exited with code 0
2023/08/19 21:44:34 [notice] 1#1: worker process 31 exited with code 0
2023/08/19 21:44:34 [notice] 1#1: signal 29 (SIGIO) received
2023/08/19 21:44:34 [notice] 1#1: signal 17 (SIGCHLD) received from 28
2023/08/19 21:44:34 [notice] 1#1: signal 17 (SIGCHLD) received from 29
2023/08/19 21:44:34 [notice] 1#1: worker process 29 exited with code 0
2023/08/19 21:44:34 [notice] 1#1: exit
2023/08/19 21:45:31 [emerg] 1#1: unexpected "}" in /etc/nginx/nginx.conf:34
2023/08/19 21:46:15 [emerg] 1#1: unexpected "}" in /etc/nginx/nginx.conf:34
2023/08/19 21:46:34 [emerg] 1#1: unexpected "}" in /etc/nginx/nginx.conf:34
2023/08/19 21:48:25 [notice] 1#1: using the "epoll" event method
2023/08/19 21:48:25 [notice] 1#1: nginx/1.25.2
2023/08/19 21:48:25 [notice] 1#1: built by gcc 12.2.0 (Debian 12.2.0-14) 
2023/08/19 21:48:25 [notice] 1#1: OS: Linux 5.15.90.1-microsoft-standard-WSL2
2023/08/19 21:48:25 [notice] 1#1: getrlimit(RLIMIT_NOFILE): 1048576:1048576
2023/08/19 21:48:25 [notice] 1#1: start worker processes
2023/08/19 21:48:25 [notice] 1#1: start worker process 22
2023/08/19 21:48:25 [notice] 1#1: start worker process 23
2023/08/19 21:48:25 [notice] 1#1: start worker process 24
2023/08/19 21:48:25 [notice] 1#1: start worker process 25
2023/08/19 21:48:25 [notice] 1#1: start worker process 26
2023/08/19 21:48:25 [notice] 1#1: start worker process 27
2023/08/19 21:48:25 [notice] 1#1: start worker process 28
2023/08/19 21:48:25 [notice] 1#1: start worker process 29
2023/08/19 21:48:25 [notice] 1#1: start worker process 30
2023/08/19 21:48:25 [notice] 1#1: start worker process 31
2023/08/19 21:48:25 [notice] 1#1: start worker process 32
2023/08/19 21:48:25 [notice] 1#1: start worker process 33
2023/08/19 21:49:39 [error] 22#22: *2 connect() failed (111: Connection refused) while connecting to upstream, client: 172.17.0.1, server: localhost, request: "GET /app HTTP/1.1", upstream: "http://127.0.0.1:8000/app", host: "localhost:9002"
2023/08/19 21:49:39 [warn] 22#22: *2 upstream server temporarily disabled while connecting to upstream, client: 172.17.0.1, server: localhost, request: "GET /app HTTP/1.1", upstream: "http://127.0.0.1:8000/app", host: "localhost:9002"
2023/08/19 21:49:39 [error] 22#22: *2 connect() failed (111: Connection refused) while connecting to upstream, client: 172.17.0.1, server: localhost, request: "GET /app HTTP/1.1", upstream: "http://127.0.0.1:8001/app", host: "localhost:9002"
2023/08/19 21:49:39 [warn] 22#22: *2 upstream server temporarily disabled while connecting to upstream, client: 172.17.0.1, server: localhost, request: "GET /app HTTP/1.1", upstream: "http://127.0.0.1:8001/app", host: "localhost:9002"
2023/08/19 21:49:39 [error] 22#22: *2 connect() failed (111: Connection refused) while connecting to upstream, client: 172.17.0.1, server: localhost, request: "GET /app HTTP/1.1", upstream: "http://127.0.0.1:8002/app", host: "localhost:9002"
2023/08/19 21:49:39 [warn] 22#22: *2 upstream server temporarily disabled while connecting to upstream, client: 172.17.0.1, server: localhost, request: "GET /app HTTP/1.1", upstream: "http://127.0.0.1:8002/app", host: "localhost:9002"
2023/08/19 21:50:02 [error] 22#22: *2 connect() failed (111: Connection refused) while connecting to upstream, client: 172.17.0.1, server: localhost, request: "GET /app HTTP/1.1", upstream: "http://127.0.0.1:8002/app", host: "localhost:9002"
2023/08/19 21:50:02 [warn] 22#22: *2 upstream server temporarily disabled while connecting to upstream, client: 172.17.0.1, server: localhost, request: "GET /app HTTP/1.1", upstream: "http://127.0.0.1:8002/app", host: "localhost:9002"
2023/08/19 21:50:02 [error] 22#22: *2 connect() failed (111: Connection refused) while connecting to upstream, client: 172.17.0.1, server: localhost, request: "GET /app HTTP/1.1", upstream: "http://127.0.0.1:8001/app", host: "localhost:9002"
2023/08/19 21:50:02 [warn] 22#22: *2 upstream server temporarily disabled while connecting to upstream, client: 172.17.0.1, server: localhost, request: "GET /app HTTP/1.1", upstream: "http://127.0.0.1:8001/app", host: "localhost:9002"
2023/08/19 21:50:02 [error] 22#22: *2 connect() failed (111: Connection refused) while connecting to upstream, client: 172.17.0.1, server: localhost, request: "GET /app HTTP/1.1", upstream: "http://127.0.0.1:8000/app", host: "localhost:9002"
2023/08/19 21:50:02 [warn] 22#22: *2 upstream server temporarily disabled while connecting to upstream, client: 172.17.0.1, server: localhost, request: "GET /app HTTP/1.1", upstream: "http://127.0.0.1:8000/app", host: "localhost:9002"
2023/08/19 21:51:09 [error] 24#24: *9 connect() failed (111: Connection refused) while connecting to upstream, client: 172.17.0.1, server: localhost, request: "GET /app HTTP/1.1", upstream: "http://127.0.0.1:8000/app", host: "localhost:9002"
2023/08/19 21:51:09 [warn] 24#24: *9 upstream server temporarily disabled while connecting to upstream, client: 172.17.0.1, server: localhost, request: "GET /app HTTP/1.1", upstream: "http://127.0.0.1:8000/app", host: "localhost:9002"
2023/08/19 21:51:09 [error] 24#24: *9 connect() failed (111: Connection refused) while connecting to upstream, client: 172.17.0.1, server: localhost, request: "GET /app HTTP/1.1", upstream: "http://127.0.0.1:8001/app", host: "localhost:9002"
2023/08/19 21:51:09 [warn] 24#24: *9 upstream server temporarily disabled while connecting to upstream, client: 172.17.0.1, server: localhost, request: "GET /app HTTP/1.1", upstream: "http://127.0.0.1:8001/app", host: "localhost:9002"
2023/08/19 21:51:09 [error] 24#24: *9 connect() failed (111: Connection refused) while connecting to upstream, client: 172.17.0.1, server: localhost, request: "GET /app HTTP/1.1", upstream: "http://127.0.0.1:8002/app", host: "localhost:9002"
2023/08/19 21:51:09 [warn] 24#24: *9 upstream server temporarily disabled while connecting to upstream, client: 172.17.0.1, server: localhost, request: "GET /app HTTP/1.1", upstream: "http://127.0.0.1:8002/app", host: "localhost:9002"
2023/08/19 21:54:11 [notice] 1#1: signal 3 (SIGQUIT) received, shutting down
2023/08/19 21:54:11 [notice] 22#22: gracefully shutting down
2023/08/19 21:54:11 [notice] 23#23: gracefully shutting down
2023/08/19 21:54:11 [notice] 24#24: gracefully shutting down
2023/08/19 21:54:11 [notice] 22#22: exiting
2023/08/19 21:54:11 [notice] 25#25: gracefully shutting down
2023/08/19 21:54:11 [notice] 23#23: exiting
2023/08/19 21:54:11 [notice] 26#26: gracefully shutting down
2023/08/19 21:54:11 [notice] 22#22: exit
2023/08/19 21:54:11 [notice] 23#23: exit
2023/08/19 21:54:11 [notice] 27#27: gracefully shutting down
2023/08/19 21:54:11 [notice] 28#28: gracefully shutting down
2023/08/19 21:54:11 [notice] 24#24: exiting
2023/08/19 21:54:11 [notice] 29#29: gracefully shutting down
2023/08/19 21:54:11 [notice] 27#27: exiting
2023/08/19 21:54:11 [notice] 25#25: exiting
2023/08/19 21:54:11 [notice] 31#31: gracefully shutting down
2023/08/19 21:54:11 [notice] 24#24: exit
2023/08/19 21:54:11 [notice] 32#32: gracefully shutting down
2023/08/19 21:54:11 [notice] 27#27: exit
2023/08/19 21:54:11 [notice] 25#25: exit
2023/08/19 21:54:11 [notice] 28#28: exiting
2023/08/19 21:54:11 [notice] 32#32: exiting
2023/08/19 21:54:11 [notice] 31#31: exiting
2023/08/19 21:54:11 [notice] 32#32: exit
2023/08/19 21:54:11 [notice] 28#28: exit
2023/08/19 21:54:11 [notice] 33#33: gracefully shutting down
2023/08/19 21:54:11 [notice] 31#31: exit
2023/08/19 21:54:11 [notice] 26#26: exiting
2023/08/19 21:54:11 [notice] 33#33: exiting
2023/08/19 21:54:11 [notice] 33#33: exit
2023/08/19 21:54:11 [notice] 26#26: exit
2023/08/19 21:54:11 [notice] 30#30: gracefully shutting down
2023/08/19 21:54:11 [notice] 29#29: exiting
2023/08/19 21:54:11 [notice] 30#30: exiting
2023/08/19 21:54:11 [notice] 29#29: exit
2023/08/19 21:54:11 [notice] 30#30: exit
2023/08/19 21:54:11 [notice] 1#1: signal 17 (SIGCHLD) received from 25
2023/08/19 21:54:11 [notice] 1#1: worker process 25 exited with code 0
2023/08/19 21:54:11 [notice] 1#1: signal 29 (SIGIO) received
2023/08/19 21:54:11 [notice] 1#1: signal 17 (SIGCHLD) received from 31
2023/08/19 21:54:11 [notice] 1#1: worker process 31 exited with code 0
2023/08/19 21:54:11 [notice] 1#1: signal 29 (SIGIO) received
2023/08/19 21:54:11 [notice] 1#1: signal 17 (SIGCHLD) received from 28
2023/08/19 21:54:11 [notice] 1#1: worker process 22 exited with code 0
2023/08/19 21:54:11 [notice] 1#1: worker process 24 exited with code 0
2023/08/19 21:54:11 [notice] 1#1: worker process 26 exited with code 0
2023/08/19 21:54:11 [notice] 1#1: worker process 28 exited with code 0
2023/08/19 21:54:11 [notice] 1#1: worker process 30 exited with code 0
2023/08/19 21:54:11 [notice] 1#1: worker process 32 exited with code 0
2023/08/19 21:54:11 [notice] 1#1: signal 29 (SIGIO) received
2023/08/19 21:54:11 [notice] 1#1: signal 17 (SIGCHLD) received from 32
2023/08/19 21:54:11 [notice] 1#1: signal 17 (SIGCHLD) received from 33
2023/08/19 21:54:11 [notice] 1#1: worker process 29 exited with code 0
2023/08/19 21:54:11 [notice] 1#1: worker process 33 exited with code 0
2023/08/19 21:54:11 [notice] 1#1: signal 29 (SIGIO) received
2023/08/19 21:54:11 [notice] 1#1: signal 17 (SIGCHLD) received from 23
2023/08/19 21:54:11 [notice] 1#1: worker process 23 exited with code 0
2023/08/19 21:54:11 [notice] 1#1: signal 29 (SIGIO) received
2023/08/19 21:54:11 [notice] 1#1: signal 17 (SIGCHLD) received from 27
2023/08/19 21:54:11 [notice] 1#1: worker process 27 exited with code 0
2023/08/19 21:54:11 [notice] 1#1: exit
2023/08/19 21:54:12 [notice] 1#1: using the "epoll" event method
2023/08/19 21:54:12 [notice] 1#1: nginx/1.25.2
2023/08/19 21:54:12 [notice] 1#1: built by gcc 12.2.0 (Debian 12.2.0-14) 
2023/08/19 21:54:12 [notice] 1#1: OS: Linux 5.15.90.1-microsoft-standard-WSL2
2023/08/19 21:54:12 [notice] 1#1: getrlimit(RLIMIT_NOFILE): 1048576:1048576
2023/08/19 21:54:12 [notice] 1#1: start worker processes
2023/08/19 21:54:12 [notice] 1#1: start worker process 22
2023/08/19 21:54:12 [notice] 1#1: start worker process 23
2023/08/19 21:54:12 [notice] 1#1: start worker process 24
2023/08/19 21:54:12 [notice] 1#1: start worker process 25
2023/08/19 21:54:12 [notice] 1#1: start worker process 26
2023/08/19 21:54:12 [notice] 1#1: start worker process 27
2023/08/19 21:54:12 [notice] 1#1: start worker process 28
2023/08/19 21:54:12 [notice] 1#1: start worker process 29
2023/08/19 21:54:12 [notice] 1#1: start worker process 30
2023/08/19 21:54:12 [notice] 1#1: start worker process 31
2023/08/19 21:54:12 [notice] 1#1: start worker process 32
2023/08/19 21:54:12 [notice] 1#1: start worker process 33
2023/08/19 21:54:20 [error] 22#22: *1 connect() failed (111: Connection refused) while connecting to upstream, client: 172.17.0.1, server: localhost, request: "GET / HTTP/1.1", upstream: "http://127.0.0.1:8000/", host: "localhost:9002"
2023/08/19 21:54:20 [warn] 22#22: *1 upstream server temporarily disabled while connecting to upstream, client: 172.17.0.1, server: localhost, request: "GET / HTTP/1.1", upstream: "http://127.0.0.1:8000/", host: "localhost:9002"
2023/08/19 21:54:20 [error] 22#22: *1 connect() failed (111: Connection refused) while connecting to upstream, client: 172.17.0.1, server: localhost, request: "GET / HTTP/1.1", upstream: "http://127.0.0.1:8001/", host: "localhost:9002"
2023/08/19 21:54:20 [warn] 22#22: *1 upstream server temporarily disabled while connecting to upstream, client: 172.17.0.1, server: localhost, request: "GET / HTTP/1.1", upstream: "http://127.0.0.1:8001/", host: "localhost:9002"
2023/08/19 21:54:20 [error] 22#22: *1 connect() failed (111: Connection refused) while connecting to upstream, client: 172.17.0.1, server: localhost, request: "GET / HTTP/1.1", upstream: "http://127.0.0.1:8002/", host: "localhost:9002"
2023/08/19 21:54:20 [warn] 22#22: *1 upstream server temporarily disabled while connecting to upstream, client: 172.17.0.1, server: localhost, request: "GET / HTTP/1.1", upstream: "http://127.0.0.1:8002/", host: "localhost:9002"
2023/08/19 21:54:22 [error] 22#22: *1 no live upstreams while connecting to upstream, client: 172.17.0.1, server: localhost, request: "GET / HTTP/1.1", upstream: "http://backend/", host: "localhost:9002"
2023/08/19 21:54:23 [error] 22#22: *1 no live upstreams while connecting to upstream, client: 172.17.0.1, server: localhost, request: "GET / HTTP/1.1", upstream: "http://backend/", host: "localhost:9002"
2023/08/19 21:54:24 [error] 22#22: *1 no live upstreams while connecting to upstream, client: 172.17.0.1, server: localhost, request: "GET / HTTP/1.1", upstream: "http://backend/", host: "localhost:9002"
2023/08/19 21:54:25 [error] 22#22: *1 no live upstreams while connecting to upstream, client: 172.17.0.1, server: localhost, request: "GET / HTTP/1.1", upstream: "http://backend/", host: "localhost:9002"
2023/08/19 21:58:38 [notice] 1#1: signal 3 (SIGQUIT) received, shutting down
2023/08/19 21:58:38 [notice] 22#22: gracefully shutting down
2023/08/19 21:58:38 [notice] 23#23: gracefully shutting down
2023/08/19 21:58:38 [notice] 24#24: gracefully shutting down
2023/08/19 21:58:38 [notice] 25#25: gracefully shutting down
2023/08/19 21:58:38 [notice] 26#26: gracefully shutting down
2023/08/19 21:58:38 [notice] 22#22: exiting
2023/08/19 21:58:38 [notice] 23#23: exiting
2023/08/19 21:58:38 [notice] 24#24: exiting
2023/08/19 21:58:38 [notice] 27#27: gracefully shutting down
2023/08/19 21:58:38 [notice] 25#25: exiting
2023/08/19 21:58:38 [notice] 26#26: exiting
2023/08/19 21:58:38 [notice] 28#28: gracefully shutting down
2023/08/19 21:58:38 [notice] 29#29: gracefully shutting down
2023/08/19 21:58:38 [notice] 22#22: exit
2023/08/19 21:58:38 [notice] 27#27: exiting
2023/08/19 21:58:38 [notice] 23#23: exit
2023/08/19 21:58:38 [notice] 24#24: exit
2023/08/19 21:58:38 [notice] 26#26: exit
2023/08/19 21:58:38 [notice] 29#29: exiting
2023/08/19 21:58:38 [notice] 25#25: exit
2023/08/19 21:58:38 [notice] 27#27: exit
2023/08/19 21:58:38 [notice] 33#33: gracefully shutting down
2023/08/19 21:58:38 [notice] 29#29: exit
2023/08/19 21:58:38 [notice] 33#33: exiting
2023/08/19 21:58:38 [notice] 30#30: gracefully shutting down
2023/08/19 21:58:38 [notice] 28#28: exiting
2023/08/19 21:58:38 [notice] 30#30: exiting
2023/08/19 21:58:38 [notice] 28#28: exit
2023/08/19 21:58:38 [notice] 33#33: exit
2023/08/19 21:58:38 [notice] 30#30: exit
2023/08/19 21:58:38 [notice] 31#31: gracefully shutting down
2023/08/19 21:58:38 [notice] 32#32: gracefully shutting down
2023/08/19 21:58:38 [notice] 31#31: exiting
2023/08/19 21:58:38 [notice] 32#32: exiting
2023/08/19 21:58:38 [notice] 31#31: exit
2023/08/19 21:58:38 [notice] 32#32: exit
2023/08/19 21:58:38 [notice] 1#1: signal 17 (SIGCHLD) received from 29
2023/08/19 21:58:38 [notice] 1#1: worker process 25 exited with code 0
2023/08/19 21:58:38 [notice] 1#1: worker process 29 exited with code 0
2023/08/19 21:58:38 [notice] 1#1: worker process 30 exited with code 0
2023/08/19 21:58:38 [notice] 1#1: signal 29 (SIGIO) received
2023/08/19 21:58:38 [notice] 1#1: signal 17 (SIGCHLD) received from 30
2023/08/19 21:58:38 [notice] 1#1: signal 17 (SIGCHLD) received from 33
2023/08/19 21:58:38 [notice] 1#1: worker process 22 exited with code 0
2023/08/19 21:58:38 [notice] 1#1: worker process 23 exited with code 0
2023/08/19 21:58:38 [notice] 1#1: worker process 24 exited with code 0
2023/08/19 21:58:38 [notice] 1#1: worker process 26 exited with code 0
2023/08/19 21:58:38 [notice] 1#1: worker process 31 exited with code 0
2023/08/19 21:58:38 [notice] 1#1: worker process 32 exited with code 0
2023/08/19 21:58:38 [notice] 1#1: worker process 33 exited with code 0
2023/08/19 21:58:38 [notice] 1#1: signal 29 (SIGIO) received
2023/08/19 21:58:38 [notice] 1#1: signal 17 (SIGCHLD) received from 32
2023/08/19 21:58:38 [notice] 1#1: signal 17 (SIGCHLD) received from 28
2023/08/19 21:58:38 [notice] 1#1: worker process 28 exited with code 0
2023/08/19 21:58:38 [notice] 1#1: signal 29 (SIGIO) received
2023/08/19 21:58:38 [notice] 1#1: signal 17 (SIGCHLD) received from 27
2023/08/19 21:58:38 [notice] 1#1: worker process 27 exited with code 0
2023/08/19 21:58:38 [notice] 1#1: exit
2023/08/19 21:58:39 [notice] 1#1: using the "epoll" event method
2023/08/19 21:58:39 [notice] 1#1: nginx/1.25.2
2023/08/19 21:58:39 [notice] 1#1: built by gcc 12.2.0 (Debian 12.2.0-14) 
2023/08/19 21:58:39 [notice] 1#1: OS: Linux 5.15.90.1-microsoft-standard-WSL2
2023/08/19 21:58:39 [notice] 1#1: getrlimit(RLIMIT_NOFILE): 1048576:1048576
2023/08/19 21:58:39 [notice] 1#1: start worker processes
2023/08/19 21:58:39 [notice] 1#1: start worker process 22
2023/08/19 21:58:39 [notice] 1#1: start worker process 23
2023/08/19 21:58:39 [notice] 1#1: start worker process 24
2023/08/19 21:58:39 [notice] 1#1: start worker process 25
2023/08/19 21:58:39 [notice] 1#1: start worker process 26
2023/08/19 21:58:39 [notice] 1#1: start worker process 27
2023/08/19 21:58:39 [notice] 1#1: start worker process 28
2023/08/19 21:58:39 [notice] 1#1: start worker process 29
2023/08/19 21:58:39 [notice] 1#1: start worker process 30
2023/08/19 21:58:39 [notice] 1#1: start worker process 31
2023/08/19 21:58:39 [notice] 1#1: start worker process 32
2023/08/19 21:58:39 [notice] 1#1: start worker process 33
2023/08/19 21:58:44 [error] 22#22: *1 connect() failed (111: Connection refused) while connecting to upstream, client: 172.17.0.1, server: localhost, request: "GET / HTTP/1.1", upstream: "http://172.17.0.2:8000/", host: "localhost:9002"
2023/08/19 21:58:44 [warn] 22#22: *1 upstream server temporarily disabled while connecting to upstream, client: 172.17.0.1, server: localhost, request: "GET / HTTP/1.1", upstream: "http://172.17.0.2:8000/", host: "localhost:9002"
2023/08/19 21:58:44 [error] 22#22: *1 connect() failed (111: Connection refused) while connecting to upstream, client: 172.17.0.1, server: localhost, request: "GET / HTTP/1.1", upstream: "http://172.17.0.2:8001/", host: "localhost:9002"
2023/08/19 21:58:44 [warn] 22#22: *1 upstream server temporarily disabled while connecting to upstream, client: 172.17.0.1, server: localhost, request: "GET / HTTP/1.1", upstream: "http://172.17.0.2:8001/", host: "localhost:9002"
2023/08/19 21:58:44 [error] 22#22: *1 connect() failed (111: Connection refused) while connecting to upstream, client: 172.17.0.1, server: localhost, request: "GET / HTTP/1.1", upstream: "http://172.17.0.2:8002/", host: "localhost:9002"
2023/08/19 21:58:44 [warn] 22#22: *1 upstream server temporarily disabled while connecting to upstream, client: 172.17.0.1, server: localhost, request: "GET / HTTP/1.1", upstream: "http://172.17.0.2:8002/", host: "localhost:9002"
2023/08/19 21:58:45 [error] 22#22: *1 no live upstreams while connecting to upstream, client: 172.17.0.1, server: localhost, request: "GET / HTTP/1.1", upstream: "http://backend/", host: "localhost:9002"
2023/08/19 21:58:46 [error] 22#22: *1 no live upstreams while connecting to upstream, client: 172.17.0.1, server: localhost, request: "GET / HTTP/1.1", upstream: "http://backend/", host: "localhost:9002"
2023/08/19 22:00:43 [notice] 1#1: signal 3 (SIGQUIT) received, shutting down
2023/08/19 22:00:43 [notice] 22#22: gracefully shutting down
2023/08/19 22:00:43 [notice] 23#23: gracefully shutting down
2023/08/19 22:00:43 [notice] 24#24: gracefully shutting down
2023/08/19 22:00:43 [notice] 22#22: exiting
2023/08/19 22:00:43 [notice] 23#23: exiting
2023/08/19 22:00:43 [notice] 26#26: gracefully shutting down
2023/08/19 22:00:43 [notice] 25#25: gracefully shutting down
2023/08/19 22:00:43 [notice] 27#27: gracefully shutting down
2023/08/19 22:00:43 [notice] 24#24: exiting
2023/08/19 22:00:43 [notice] 26#26: exiting
2023/08/19 22:00:43 [notice] 28#28: gracefully shutting down
2023/08/19 22:00:43 [notice] 31#31: gracefully shutting down
2023/08/19 22:00:43 [notice] 25#25: exiting
2023/08/19 22:00:43 [notice] 23#23: exit
2023/08/19 22:00:43 [notice] 22#22: exit
2023/08/19 22:00:43 [notice] 29#29: gracefully shutting down
2023/08/19 22:00:43 [notice] 27#27: exiting
2023/08/19 22:00:43 [notice] 28#28: exiting
2023/08/19 22:00:43 [notice] 31#31: exiting
2023/08/19 22:00:43 [notice] 26#26: exit
2023/08/19 22:00:43 [notice] 24#24: exit
2023/08/19 22:00:43 [notice] 25#25: exit
2023/08/19 22:00:43 [notice] 29#29: exiting
2023/08/19 22:00:43 [notice] 28#28: exit
2023/08/19 22:00:43 [notice] 31#31: exit
2023/08/19 22:00:43 [notice] 29#29: exit
2023/08/19 22:00:43 [notice] 30#30: gracefully shutting down
2023/08/19 22:00:43 [notice] 30#30: exiting
2023/08/19 22:00:43 [notice] 30#30: exit
2023/08/19 22:00:43 [notice] 27#27: exit
2023/08/19 22:00:43 [notice] 32#32: gracefully shutting down
2023/08/19 22:00:43 [notice] 32#32: exiting
2023/08/19 22:00:43 [notice] 32#32: exit
2023/08/19 22:00:43 [notice] 33#33: gracefully shutting down
2023/08/19 22:00:43 [notice] 33#33: exiting
2023/08/19 22:00:43 [notice] 33#33: exit
2023/08/19 22:00:44 [notice] 1#1: signal 17 (SIGCHLD) received from 27
2023/08/19 22:00:44 [notice] 1#1: worker process 22 exited with code 0
2023/08/19 22:00:44 [notice] 1#1: worker process 25 exited with code 0
2023/08/19 22:00:44 [notice] 1#1: worker process 27 exited with code 0
2023/08/19 22:00:44 [notice] 1#1: worker process 32 exited with code 0
2023/08/19 22:00:44 [notice] 1#1: signal 29 (SIGIO) received
2023/08/19 22:00:44 [notice] 1#1: signal 17 (SIGCHLD) received from 30
2023/08/19 22:00:44 [notice] 1#1: worker process 26 exited with code 0
2023/08/19 22:00:44 [notice] 1#1: worker process 30 exited with code 0
2023/08/19 22:00:44 [notice] 1#1: worker process 33 exited with code 0
2023/08/19 22:00:44 [notice] 1#1: signal 29 (SIGIO) received
2023/08/19 22:00:44 [notice] 1#1: signal 17 (SIGCHLD) received from 26
2023/08/19 22:00:44 [notice] 1#1: worker process 28 exited with code 0
2023/08/19 22:00:44 [notice] 1#1: worker process 31 exited with code 0
2023/08/19 22:00:44 [notice] 1#1: signal 29 (SIGIO) received
2023/08/19 22:00:44 [notice] 1#1: signal 17 (SIGCHLD) received from 31
2023/08/19 22:00:44 [notice] 1#1: signal 17 (SIGCHLD) received from 29
2023/08/19 22:00:44 [notice] 1#1: worker process 23 exited with code 0
2023/08/19 22:00:44 [notice] 1#1: worker process 29 exited with code 0
2023/08/19 22:00:44 [notice] 1#1: signal 29 (SIGIO) received
2023/08/19 22:00:44 [notice] 1#1: signal 17 (SIGCHLD) received from 23
2023/08/19 22:00:44 [notice] 1#1: signal 17 (SIGCHLD) received from 24
2023/08/19 22:00:44 [notice] 1#1: worker process 24 exited with code 0
2023/08/19 22:00:44 [notice] 1#1: exit
2023/08/19 22:00:45 [notice] 1#1: using the "epoll" event method
2023/08/19 22:00:45 [notice] 1#1: nginx/1.25.2
2023/08/19 22:00:45 [notice] 1#1: built by gcc 12.2.0 (Debian 12.2.0-14) 
2023/08/19 22:00:45 [notice] 1#1: OS: Linux 5.15.90.1-microsoft-standard-WSL2
2023/08/19 22:00:45 [notice] 1#1: getrlimit(RLIMIT_NOFILE): 1048576:1048576
2023/08/19 22:00:45 [notice] 1#1: start worker processes
2023/08/19 22:00:45 [notice] 1#1: start worker process 22
2023/08/19 22:00:45 [notice] 1#1: start worker process 23
2023/08/19 22:00:45 [notice] 1#1: start worker process 24
2023/08/19 22:00:45 [notice] 1#1: start worker process 25
2023/08/19 22:00:45 [notice] 1#1: start worker process 26
2023/08/19 22:00:45 [notice] 1#1: start worker process 27
2023/08/19 22:00:45 [notice] 1#1: start worker process 28
2023/08/19 22:00:45 [notice] 1#1: start worker process 29
2023/08/19 22:00:45 [notice] 1#1: start worker process 30
2023/08/19 22:00:45 [notice] 1#1: start worker process 31
2023/08/19 22:00:45 [notice] 1#1: start worker process 32
2023/08/19 22:00:45 [notice] 1#1: start worker process 33
2023/08/19 22:00:48 [error] 22#22: *2 connect() failed (111: Connection refused) while connecting to upstream, client: 172.17.0.1, server: localhost, request: "GET / HTTP/1.1", upstream: "http://172.17.0.2:8000/", host: "localhost:9002"
2023/08/19 22:00:48 [warn] 22#22: *2 upstream server temporarily disabled while connecting to upstream, client: 172.17.0.1, server: localhost, request: "GET / HTTP/1.1", upstream: "http://172.17.0.2:8000/", host: "localhost:9002"
2023/08/19 22:00:48 [error] 22#22: *2 connect() failed (111: Connection refused) while connecting to upstream, client: 172.17.0.1, server: localhost, request: "GET / HTTP/1.1", upstream: "http://172.17.0.2:8001/", host: "localhost:9002"
2023/08/19 22:00:48 [warn] 22#22: *2 upstream server temporarily disabled while connecting to upstream, client: 172.17.0.1, server: localhost, request: "GET / HTTP/1.1", upstream: "http://172.17.0.2:8001/", host: "localhost:9002"
2023/08/19 22:00:48 [error] 22#22: *2 connect() failed (111: Connection refused) while connecting to upstream, client: 172.17.0.1, server: localhost, request: "GET / HTTP/1.1", upstream: "http://172.17.0.2:8002/", host: "localhost:9002"
2023/08/19 22:00:48 [warn] 22#22: *2 upstream server temporarily disabled while connecting to upstream, client: 172.17.0.1, server: localhost, request: "GET / HTTP/1.1", upstream: "http://172.17.0.2:8002/", host: "localhost:9002"
2023/08/19 22:00:49 [error] 22#22: *2 no live upstreams while connecting to upstream, client: 172.17.0.1, server: localhost, request: "GET / HTTP/1.1", upstream: "http://backend/", host: "localhost:9002"
2023/08/19 22:00:50 [error] 22#22: *2 no live upstreams while connecting to upstream, client: 172.17.0.1, server: localhost, request: "GET / HTTP/1.1", upstream: "http://backend/", host: "localhost:9002"
2023/08/19 22:00:55 [error] 22#22: *2 no live upstreams while connecting to upstream, client: 172.17.0.1, server: localhost, request: "GET / HTTP/1.1", upstream: "http://backend/", host: "localhost:9002"
2023/08/19 22:02:46 [notice] 1#1: signal 3 (SIGQUIT) received, shutting down
2023/08/19 22:02:46 [notice] 22#22: gracefully shutting down
2023/08/19 22:02:46 [notice] 23#23: gracefully shutting down
2023/08/19 22:02:46 [notice] 25#25: gracefully shutting down
2023/08/19 22:02:46 [notice] 24#24: gracefully shutting down
2023/08/19 22:02:46 [notice] 26#26: gracefully shutting down
2023/08/19 22:02:46 [notice] 25#25: exiting
2023/08/19 22:02:46 [notice] 28#28: gracefully shutting down
2023/08/19 22:02:46 [notice] 22#22: exiting
2023/08/19 22:02:46 [notice] 26#26: exiting
2023/08/19 22:02:46 [notice] 28#28: exiting
2023/08/19 22:02:46 [notice] 30#30: gracefully shutting down
2023/08/19 22:02:46 [notice] 25#25: exit
2023/08/19 22:02:46 [notice] 27#27: gracefully shutting down
2023/08/19 22:02:46 [notice] 29#29: gracefully shutting down
2023/08/19 22:02:46 [notice] 22#22: exit
2023/08/19 22:02:46 [notice] 26#26: exit
2023/08/19 22:02:46 [notice] 28#28: exit
2023/08/19 22:02:46 [notice] 27#27: exiting
2023/08/19 22:02:46 [notice] 30#30: exiting
2023/08/19 22:02:46 [notice] 29#29: exiting
2023/08/19 22:02:46 [notice] 27#27: exit
2023/08/19 22:02:46 [notice] 30#30: exit
2023/08/19 22:02:46 [notice] 29#29: exit
2023/08/19 22:02:46 [notice] 32#32: gracefully shutting down
2023/08/19 22:02:46 [notice] 33#33: gracefully shutting down
2023/08/19 22:02:46 [notice] 32#32: exiting
2023/08/19 22:02:46 [notice] 33#33: exiting
2023/08/19 22:02:46 [notice] 32#32: exit
2023/08/19 22:02:46 [notice] 33#33: exit
2023/08/19 22:02:46 [notice] 23#23: exiting
2023/08/19 22:02:46 [notice] 24#24: exiting
2023/08/19 22:02:46 [notice] 24#24: exit
2023/08/19 22:02:46 [notice] 31#31: gracefully shutting down
2023/08/19 22:02:46 [notice] 23#23: exit
2023/08/19 22:02:46 [notice] 31#31: exiting
2023/08/19 22:02:46 [notice] 31#31: exit
2023/08/19 22:02:46 [notice] 1#1: signal 17 (SIGCHLD) received from 32
2023/08/19 22:02:46 [notice] 1#1: worker process 24 exited with code 0
2023/08/19 22:02:46 [notice] 1#1: worker process 25 exited with code 0
2023/08/19 22:02:46 [notice] 1#1: worker process 27 exited with code 0
2023/08/19 22:02:46 [notice] 1#1: worker process 32 exited with code 0
2023/08/19 22:02:46 [notice] 1#1: signal 29 (SIGIO) received
2023/08/19 22:02:46 [notice] 1#1: signal 17 (SIGCHLD) received from 27
2023/08/19 22:02:46 [notice] 1#1: signal 17 (SIGCHLD) received from 30
2023/08/19 22:02:46 [notice] 1#1: worker process 26 exited with code 0
2023/08/19 22:02:46 [notice] 1#1: worker process 29 exited with code 0
2023/08/19 22:02:46 [notice] 1#1: worker process 30 exited with code 0
2023/08/19 22:02:46 [notice] 1#1: signal 29 (SIGIO) received
2023/08/19 22:02:46 [notice] 1#1: signal 17 (SIGCHLD) received from 29
2023/08/19 22:02:46 [notice] 1#1: signal 17 (SIGCHLD) received from 22
2023/08/19 22:02:46 [notice] 1#1: worker process 22 exited with code 0
2023/08/19 22:02:46 [notice] 1#1: worker process 31 exited with code 0
2023/08/19 22:02:46 [notice] 1#1: signal 29 (SIGIO) received
2023/08/19 22:02:46 [notice] 1#1: signal 17 (SIGCHLD) received from 23
2023/08/19 22:02:46 [notice] 1#1: worker process 23 exited with code 0
2023/08/19 22:02:46 [notice] 1#1: signal 29 (SIGIO) received
2023/08/19 22:02:46 [notice] 1#1: signal 17 (SIGCHLD) received from 28
2023/08/19 22:02:46 [notice] 1#1: worker process 28 exited with code 0
2023/08/19 22:02:46 [notice] 1#1: worker process 33 exited with code 0
2023/08/19 22:02:46 [notice] 1#1: exit
2023/08/19 22:02:48 [notice] 1#1: using the "epoll" event method
2023/08/19 22:02:48 [notice] 1#1: nginx/1.25.2
2023/08/19 22:02:48 [notice] 1#1: built by gcc 12.2.0 (Debian 12.2.0-14) 
2023/08/19 22:02:48 [notice] 1#1: OS: Linux 5.15.90.1-microsoft-standard-WSL2
2023/08/19 22:02:48 [notice] 1#1: getrlimit(RLIMIT_NOFILE): 1048576:1048576
2023/08/19 22:02:48 [notice] 1#1: start worker processes
2023/08/19 22:02:48 [notice] 1#1: start worker process 22
2023/08/19 22:02:48 [notice] 1#1: start worker process 23
2023/08/19 22:02:48 [notice] 1#1: start worker process 24
2023/08/19 22:02:48 [notice] 1#1: start worker process 25
2023/08/19 22:02:48 [notice] 1#1: start worker process 26
2023/08/19 22:02:48 [notice] 1#1: start worker process 27
2023/08/19 22:02:48 [notice] 1#1: start worker process 28
2023/08/19 22:02:48 [notice] 1#1: start worker process 29
2023/08/19 22:02:48 [notice] 1#1: start worker process 30
2023/08/19 22:02:48 [notice] 1#1: start worker process 31
2023/08/19 22:02:48 [notice] 1#1: start worker process 32
2023/08/19 22:02:48 [notice] 1#1: start worker process 33
2023/08/19 22:02:57 [error] 22#22: *1 connect() failed (111: Connection refused) while connecting to upstream, client: 172.17.0.1, server: localhost, request: "GET /app HTTP/1.1", upstream: "http://172.17.0.2:8000/app", host: "localhost:9002"
2023/08/19 22:02:57 [warn] 22#22: *1 upstream server temporarily disabled while connecting to upstream, client: 172.17.0.1, server: localhost, request: "GET /app HTTP/1.1", upstream: "http://172.17.0.2:8000/app", host: "localhost:9002"
2023/08/19 22:02:57 [error] 22#22: *1 connect() failed (111: Connection refused) while connecting to upstream, client: 172.17.0.1, server: localhost, request: "GET /app HTTP/1.1", upstream: "http://172.17.0.2:8001/app", host: "localhost:9002"
2023/08/19 22:02:57 [warn] 22#22: *1 upstream server temporarily disabled while connecting to upstream, client: 172.17.0.1, server: localhost, request: "GET /app HTTP/1.1", upstream: "http://172.17.0.2:8001/app", host: "localhost:9002"
2023/08/19 22:02:57 [error] 22#22: *1 connect() failed (111: Connection refused) while connecting to upstream, client: 172.17.0.1, server: localhost, request: "GET /app HTTP/1.1", upstream: "http://172.17.0.2:8002/app", host: "localhost:9002"
2023/08/19 22:02:57 [warn] 22#22: *1 upstream server temporarily disabled while connecting to upstream, client: 172.17.0.1, server: localhost, request: "GET /app HTTP/1.1", upstream: "http://172.17.0.2:8002/app", host: "localhost:9002"
2023/08/19 22:03:03 [error] 22#22: *1 no live upstreams while connecting to upstream, client: 172.17.0.1, server: localhost, request: "GET /app HTTP/1.1", upstream: "http://backend/app", host: "localhost:9002"
2023/08/19 22:29:07 [notice] 1#1: signal 3 (SIGQUIT) received, shutting down
2023/08/19 22:29:07 [notice] 22#22: gracefully shutting down
2023/08/19 22:29:07 [notice] 24#24: gracefully shutting down
2023/08/19 22:29:07 [notice] 25#25: gracefully shutting down
2023/08/19 22:29:07 [notice] 26#26: gracefully shutting down
2023/08/19 22:29:07 [notice] 27#27: gracefully shutting down
2023/08/19 22:29:07 [notice] 23#23: gracefully shutting down
2023/08/19 22:29:07 [notice] 28#28: gracefully shutting down
2023/08/19 22:29:07 [notice] 33#33: gracefully shutting down
2023/08/19 22:29:07 [notice] 23#23: exiting
2023/08/19 22:29:07 [notice] 29#29: gracefully shutting down
2023/08/19 22:29:07 [notice] 27#27: exiting
2023/08/19 22:29:07 [notice] 33#33: exiting
2023/08/19 22:29:07 [notice] 25#25: exiting
2023/08/19 22:29:07 [notice] 29#29: exiting
2023/08/19 22:29:07 [notice] 22#22: exiting
2023/08/19 22:29:07 [notice] 24#24: exiting
2023/08/19 22:29:07 [notice] 23#23: exit
2023/08/19 22:29:07 [notice] 28#28: exiting
2023/08/19 22:29:07 [notice] 27#27: exit
2023/08/19 22:29:07 [notice] 33#33: exit
2023/08/19 22:29:07 [notice] 29#29: exit
2023/08/19 22:29:07 [notice] 25#25: exit
2023/08/19 22:29:07 [notice] 22#22: exit
2023/08/19 22:29:07 [notice] 28#28: exit
2023/08/19 22:29:07 [notice] 31#31: gracefully shutting down
2023/08/19 22:29:07 [notice] 24#24: exit
2023/08/19 22:29:07 [notice] 32#32: gracefully shutting down
2023/08/19 22:29:07 [notice] 31#31: exiting
2023/08/19 22:29:07 [notice] 26#26: exiting
2023/08/19 22:29:07 [notice] 31#31: exit
2023/08/19 22:29:07 [notice] 30#30: gracefully shutting down
2023/08/19 22:29:07 [notice] 26#26: exit
2023/08/19 22:29:07 [notice] 30#30: exiting
2023/08/19 22:29:07 [notice] 30#30: exit
2023/08/19 22:29:07 [notice] 32#32: exiting
2023/08/19 22:29:07 [notice] 32#32: exit
2023/08/19 22:29:07 [notice] 1#1: signal 17 (SIGCHLD) received from 33
2023/08/19 22:29:07 [notice] 1#1: worker process 24 exited with code 0
2023/08/19 22:29:07 [notice] 1#1: worker process 31 exited with code 0
2023/08/19 22:29:07 [notice] 1#1: worker process 33 exited with code 0
2023/08/19 22:29:07 [notice] 1#1: signal 29 (SIGIO) received
2023/08/19 22:29:07 [notice] 1#1: signal 17 (SIGCHLD) received from 30
2023/08/19 22:29:07 [notice] 1#1: worker process 27 exited with code 0
2023/08/19 22:29:07 [notice] 1#1: worker process 30 exited with code 0
2023/08/19 22:29:07 [notice] 1#1: worker process 32 exited with code 0
2023/08/19 22:29:07 [notice] 1#1: signal 29 (SIGIO) received
2023/08/19 22:29:07 [notice] 1#1: signal 17 (SIGCHLD) received from 32
2023/08/19 22:29:07 [notice] 1#1: signal 17 (SIGCHLD) received from 22
2023/08/19 22:29:07 [notice] 1#1: worker process 22 exited with code 0
2023/08/19 22:29:07 [notice] 1#1: worker process 29 exited with code 0
2023/08/19 22:29:07 [notice] 1#1: signal 29 (SIGIO) received
2023/08/19 22:29:07 [notice] 1#1: signal 17 (SIGCHLD) received from 29
2023/08/19 22:29:07 [notice] 1#1: signal 17 (SIGCHLD) received from 28
2023/08/19 22:29:07 [notice] 1#1: worker process 28 exited with code 0
2023/08/19 22:29:07 [notice] 1#1: signal 29 (SIGIO) received
2023/08/19 22:29:07 [notice] 1#1: signal 17 (SIGCHLD) received from 23
2023/08/19 22:29:07 [notice] 1#1: worker process 23 exited with code 0
2023/08/19 22:29:07 [notice] 1#1: signal 29 (SIGIO) received
2023/08/19 22:29:07 [notice] 1#1: signal 17 (SIGCHLD) received from 25
2023/08/19 22:29:07 [notice] 1#1: worker process 25 exited with code 0
2023/08/19 22:29:07 [notice] 1#1: signal 29 (SIGIO) received
2023/08/19 22:29:07 [notice] 1#1: signal 17 (SIGCHLD) received from 26
2023/08/19 22:29:07 [notice] 1#1: worker process 26 exited with code 0
2023/08/19 22:29:07 [notice] 1#1: exit
